<?xml version="1.0" encoding="UTF-8"?>
<testng-results skipped="0" failed="0" ignored="0" total="2" passed="2">
  <reporter-output>
  </reporter-output>
  <suite name="Default suite" duration-ms="27658" started-at="2021-04-08T12:46:53Z" finished-at="2021-04-08T12:47:21Z">
    <groups>
    </groups>
    <test name="Default test" duration-ms="27658" started-at="2021-04-08T12:46:53Z" finished-at="2021-04-08T12:47:21Z">
      <class name="PracticeProject.HomePage">
        <test-method status="PASS" signature="basePageNavigation(java.lang.String, java.lang.String, java.lang.String)[pri:0, instance:PracticeProject.HomePage@2f177a4b]" name="basePageNavigation" duration-ms="14205" started-at="2021-04-08T12:46:53Z" data-provider="getData" finished-at="2021-04-08T12:47:07Z">
          <params>
            <param index="0">
              <value>
                <![CDATA[suparnashil@gmail.com]]>
              </value>
            </param>
            <param index="1">
              <value>
                <![CDATA[1234567]]>
              </value>
            </param>
            <param index="2">
              <value>
                <![CDATA[Restricted]]>
              </value>
            </param>
          </params>
          <reporter-output>
          </reporter-output>
        </test-method> <!-- basePageNavigation -->
        <test-method status="PASS" signature="basePageNavigation(java.lang.String, java.lang.String, java.lang.String)[pri:0, instance:PracticeProject.HomePage@2f177a4b]" name="basePageNavigation" duration-ms="13411" started-at="2021-04-08T12:47:07Z" data-provider="getData" finished-at="2021-04-08T12:47:21Z">
          <params>
            <param index="0">
              <value>
                <![CDATA[chaity@gmail.com]]>
              </value>
            </param>
            <param index="1">
              <value>
                <![CDATA[11111]]>
              </value>
            </param>
            <param index="2">
              <value>
                <![CDATA[Not Restricted]]>
              </value>
            </param>
          </params>
          <reporter-output>
          </reporter-output>
        </test-method> <!-- basePageNavigation -->
      </class> <!-- PracticeProject.HomePage -->
    </test> <!-- Default test -->
  </suite> <!-- Default suite -->
</testng-results>
