<?xml version="1.0" encoding="UTF-8"?>
<testng-results skipped="0" failed="0" ignored="0" total="1" passed="1">
  <reporter-output>
  </reporter-output>
  <suite name="Default suite" duration-ms="16146" started-at="2021-04-08T11:07:39Z" finished-at="2021-04-08T11:07:55Z">
    <groups>
    </groups>
    <test name="Default test" duration-ms="16146" started-at="2021-04-08T11:07:39Z" finished-at="2021-04-08T11:07:55Z">
      <class name="PracticeProject.HomePage">
        <test-method status="PASS" signature="basePageNavigation()[pri:0, instance:PracticeProject.HomePage@27ae2fd0]" name="basePageNavigation" duration-ms="16106" started-at="2021-04-08T11:07:39Z" finished-at="2021-04-08T11:07:55Z">
          <reporter-output>
          </reporter-output>
        </test-method> <!-- basePageNavigation -->
      </class> <!-- PracticeProject.HomePage -->
    </test> <!-- Default test -->
  </suite> <!-- Default suite -->
</testng-results>
